# JRE version: Java(TM) SE Runtime Environment (18.0.2+9) (build 18.0.2+9-61)
# Java VM: Java HotSpot(TM) 64-Bit Server VM (18.0.2+9-61, mixed mode, sharing, tiered, compressed oops, compressed class ptrs, g1 gc, windows-amd64)
GC Precious Log:
 CardTable entry size: 512
 Card Set container configuration: InlinePtr #cards 5 size 8 Array Of Cards #cards 12 size 40 Howl #buckets 4 coarsen threshold 1843 Howl Bitmap #cards 512 size 80 coarsen threshold 460 Card regions per heap region 1 cards per card region 2048
 CPUs: 4 total, 4 available
 Memory: 3983M
 Large Page Support: Disabled
 NUMA Support: Disabled
 Compressed Oops: Enabled (32-bit)
 Heap Region Size: 1M
 Heap Min Capacity: 8M
 Heap Initial Capacity: 64M
 Heap Max Capacity: 1536M
 Pre-touch: Disabled
 Parallel Workers: 4
 Concurrent Workers: 1
 Concurrent Refinement Workers: 4
 Periodic GC: Disabled
Heap:
 garbage-first heap   total 55296K, used 26873K [0x00000000a0000000, 0x0000000100000000)
  region size 1024K, 4 young (4096K), 2 survivors (2048K)
 Metaspace       used 63849K, committed 64320K, reserved 1114112K
  class space    used 8586K, committed 8832K, reserved 1048576K
GC Heap History (20 events):
Event: 4.775 GC heap before
{Heap before GC invocations=10 (full 0):
 garbage-first heap   total 37888K, used 25855K [0x00000000a0000000, 0x0000000100000000)
  region size 1024K, 16 young (16384K), 2 survivors (2048K)
 Metaspace       used 39444K, committed 39808K, reserved 1114112K
  class space    used 5095K, committed 5248K, reserved 1048576K
}
Event: 4.782 GC heap after
{Heap after GC invocations=11 (full 0):
 garbage-first heap   total 37888K, used 13884K [0x00000000a0000000, 0x0000000100000000)
  region size 1024K, 2 young (2048K), 2 survivors (2048K)
 Metaspace       used 39444K, committed 39808K, reserved 1114112K
  class space    used 5095K, committed 5248K, reserved 1048576K
}
Event: 5.189 GC heap before
{Heap before GC invocations=11 (full 0):
 garbage-first heap   total 37888K, used 26172K [0x00000000a0000000, 0x0000000100000000)
  region size 1024K, 15 young (15360K), 2 survivors (2048K)
 Metaspace       used 41915K, committed 42304K, reserved 1114112K
  class space    used 5542K, committed 5760K, reserved 1048576K
}
Event: 5.198 GC heap after
{Heap after GC invocations=12 (full 0):
 garbage-first heap   total 46080K, used 15698K [0x00000000a0000000, 0x0000000100000000)
  region size 1024K, 2 young (2048K), 2 survivors (2048K)
 Metaspace       used 41915K, committed 42304K, reserved 1114112K
  class space    used 5542K, committed 5760K, reserved 1048576K
}
Event: 5.671 GC heap before
{Heap before GC invocations=12 (full 0):
 garbage-first heap   total 46080K, used 31058K [0x00000000a0000000, 0x0000000100000000)
  region size 1024K, 18 young (18432K), 2 survivors (2048K)
 Metaspace       used 45304K, committed 45760K, reserved 1114112K
  class space    used 5954K, committed 6144K, reserved 1048576K
}
Event: 5.678 GC heap after
{Heap after GC invocations=13 (full 0):
 garbage-first heap   total 46080K, used 17813K [0x00000000a0000000, 0x0000000100000000)
  region size 1024K, 2 young (2048K), 2 survivors (2048K)
 Metaspace       used 45304K, committed 45760K, reserved 1114112K
  class space    used 5954K, committed 6144K, reserved 1048576K
}
Event: 5.974 GC heap before
{Heap before GC invocations=13 (full 0):
 garbage-first heap   total 46080K, used 32149K [0x00000000a0000000, 0x0000000100000000)
  region size 1024K, 17 young (17408K), 2 survivors (2048K)
 Metaspace       used 48602K, committed 49024K, reserved 1114112K
  class space    used 6222K, committed 6400K, reserved 1048576K
}
Event: 5.981 GC heap after
{Heap after GC invocations=14 (full 0):
 garbage-first heap   total 46080K, used 18315K [0x00000000a0000000, 0x0000000100000000)
  region size 1024K, 1 young (1024K), 1 survivors (1024K)
 Metaspace       used 48602K, committed 49024K, reserved 1114112K
  class space    used 6222K, committed 6400K, reserved 1048576K
}
Event: 6.395 GC heap before
{Heap before GC invocations=14 (full 0):
 garbage-first heap   total 46080K, used 32651K [0x00000000a0000000, 0x0000000100000000)
  region size 1024K, 16 young (16384K), 1 survivors (1024K)
 Metaspace       used 51865K, committed 52288K, reserved 1114112K
  class space    used 6727K, committed 6912K, reserved 1048576K
}
Event: 6.400 GC heap after
{Heap after GC invocations=15 (full 0):
 garbage-first heap   total 46080K, used 18983K [0x00000000a0000000, 0x0000000100000000)
  region size 1024K, 2 young (2048K), 2 survivors (2048K)
 Metaspace       used 51865K, committed 52288K, reserved 1114112K
  class space    used 6727K, committed 6912K, reserved 1048576K
}
Event: 7.049 GC heap before
{Heap before GC invocations=15 (full 0):
 garbage-first heap   total 46080K, used 34343K [0x00000000a0000000, 0x0000000100000000)
  region size 1024K, 17 young (17408K), 2 survivors (2048K)
 Metaspace       used 54587K, committed 54976K, reserved 1114112K
  class space    used 7090K, committed 7296K, reserved 1048576K
}
Event: 7.058 GC heap after
{Heap after GC invocations=16 (full 0):
 garbage-first heap   total 55296K, used 21463K [0x00000000a0000000, 0x0000000100000000)
  region size 1024K, 3 young (3072K), 3 survivors (3072K)
 Metaspace       used 54587K, committed 54976K, reserved 1114112K
  class space    used 7090K, committed 7296K, reserved 1048576K
}
Event: 7.757 GC heap before
{Heap before GC invocations=16 (full 0):
 garbage-first heap   total 55296K, used 39895K [0x00000000a0000000, 0x0000000100000000)
  region size 1024K, 21 young (21504K), 3 survivors (3072K)
 Metaspace       used 56016K, committed 56448K, reserved 1114112K
  class space    used 7324K, committed 7552K, reserved 1048576K
}
Event: 7.771 GC heap after
{Heap after GC invocations=17 (full 0):
 garbage-first heap   total 55296K, used 24508K [0x00000000a0000000, 0x0000000100000000)
  region size 1024K, 3 young (3072K), 3 survivors (3072K)
 Metaspace       used 56016K, committed 56448K, reserved 1114112K
  class space    used 7324K, committed 7552K, reserved 1048576K
}
Event: 8.541 GC heap before
{Heap before GC invocations=17 (full 0):
 garbage-first heap   total 55296K, used 39868K [0x00000000a0000000, 0x0000000100000000)
  region size 1024K, 19 young (19456K), 3 survivors (3072K)
 Metaspace       used 58327K, committed 58816K, reserved 1114112K
  class space    used 7763K, committed 8000K, reserved 1048576K
}
Event: 8.546 GC heap after
{Heap after GC invocations=18 (full 0):
 garbage-first heap   total 55296K, used 24779K [0x00000000a0000000, 0x0000000100000000)
  region size 1024K, 2 young (2048K), 2 survivors (2048K)
 Metaspace       used 58327K, committed 58816K, reserved 1114112K
  class space    used 7763K, committed 8000K, reserved 1048576K
}
Event: 9.013 GC heap before
{Heap before GC invocations=18 (full 0):
 garbage-first heap   total 55296K, used 37067K [0x00000000a0000000, 0x0000000100000000)
  region size 1024K, 16 young (16384K), 2 survivors (2048K)
 Metaspace       used 60523K, committed 60928K, reserved 1114112K
  class space    used 8176K, committed 8384K, reserved 1048576K
}
Event: 9.017 GC heap after
{Heap after GC invocations=19 (full 0):
 garbage-first heap   total 55296K, used 25259K [0x00000000a0000000, 0x0000000100000000)
  region size 1024K, 2 young (2048K), 2 survivors (2048K)
 Metaspace       used 60523K, committed 60928K, reserved 1114112K
  class space    used 8176K, committed 8384K, reserved 1048576K
}
Event: 9.521 GC heap before
{Heap before GC invocations=20 (full 0):
 garbage-first heap   total 55296K, used 40619K [0x00000000a0000000, 0x0000000100000000)
  region size 1024K, 18 young (18432K), 2 survivors (2048K)
 Metaspace       used 63490K, committed 63936K, reserved 1114112K
  class space    used 8546K, committed 8768K, reserved 1048576K
}
Event: 9.527 GC heap after
{Heap after GC invocations=21 (full 0):
 garbage-first heap   total 55296K, used 25849K [0x00000000a0000000, 0x0000000100000000)
  region size 1024K, 2 young (2048K), 2 survivors (2048K)
 Metaspace       used 63490K, committed 63936K, reserved 1114112K
  class space    used 8546K, committed 8768K, reserved 1048576K
}

